1674 1
3772 1
3773 1
1673 1
1675 1
3703 1
3771 1
3774 1
3704 1
1672 1
3702 1
1569 0
1588 1
1570 0
1568 0
1676 0
3770 0
1587 1
1589 0
1567 0
3684 0
3685 0
3705 0
1671 0
1571 0
3775 0
3683 0
3701 1
3769 0
3686 0
1677 0
3682 0
1566 0
1586 1
1590 0
3706 0
1572 0
3789 0
1670 0
3776 0
3681 0
3687 0
3790 0
3700 0
1649 0
3750 0
1565 0
3768 0
1678 0
1591 0
3749 0
3788 0
3707 0
3791 0
1573 0
3751 0
3680 0
3688 0
1585 0
1692 0
1648 0
3777 0
3752 0
3748 0
1693 0
1647 0
1691 0
1679 0
3792 0
1592 0
1650 0
3753 0
1564 0
1634 0
3747 0
1574 0
3689 0
1635 0
1646 0
1694 0
1699 0
3787 0
3397 0
3679 0
1251 0
3793 0
3741 0
1680 0
3754 0
3699 0
1695 0
1651 0
1669 0
1636 0
1426 0
3552 0
1640 0
1645 0
3746 0
1652 0
3690 0
1690 0
1252 0
3742 0
3556 0
1413 0
3743 0
1584 0
1430 0
1575 0
3720 0
1639 0
1265 0
3403 0
1633 0
3755 0
1250 0
1696 0
3767 0
3721 0
3719 0
3539 0
1412 0
1638 0
1653 0
1637 0
1644 0
3740 0
3555 0
3538 0
1249 0
1405 0
3722 0
1429 0
1411 0
3745 0
3398 0
1605 0
1404 0
3531 0
1628 0
1248 0
3396 0
1563 0
1604 0
1253 0
3537 0
1606 0
3786 0
3530 0
1403 0
1654 0
3825 0
3718 0
1254 0
3678 0
1425 0
1421 0
1608 0
1607 0
1643 0
1624 0
3737 0
3402 0
1410 0
3691 0
1731 0
3529 0
1264 0
1689 0
1428 0
1621 0
3404 0
3551 0
3547 0
3756 0
1247 0
1603 0
3554 0
1402 0
1629 0
3536 0
1625 0
4520 0
1620 0
3744 0
1255 0
1427 0
1576 0
3399 0
1266 0
1655 0
3553 0
1246 0
3806 0
3698 0
1619 0
1734 0
3717 0
3734 0
3807 0
1360 0
3528 0
3394 0
1243 0
1356 0
3738 0
1271 0
1583 0
1422 0
1409 0
3401 0
3808 0
3405 0
1415 0
1733 0
1668 0
3482 0
3486 0
3541 0
3805 0
1256 0
1602 0
1626 0
1401 0
1618 0
3733 0
1364 0
3766 0
4519 0
1263 0
1352 0
1270 0
4762 0
3548 0
3535 0
1267 0
3478 0
3785 0
3826 0
1642 0
1245 0
1562 0
3677 0
3732 0
1712 0
1688 0
3757 0
1713 0
3490 0
